# JRE version: OpenJDK Runtime Environment Corretto-21.0.8.9.1 (21.0.8+9) (build 21.0.8+9-LTS)
# Java VM: OpenJDK 64-Bit Server VM Corretto-21.0.8.9.1 (21.0.8+9-LTS, mixed mode, sharing, tiered, compressed oops, compressed class ptrs, g1 gc, windows-amd64)
GC Precious Log:
 CardTable entry size: 512
 Card Set container configuration: InlinePtr #cards 5 size 8 Array Of Cards #cards 12 size 40 Howl #buckets 4 coarsen threshold 1843 Howl Bitmap #cards 512 size 80 coarsen threshold 460 Card regions per heap region 1 cards per card region 2048
 CPUs: 4 total, 4 available
 Memory: 3526M
 Large Page Support: Disabled
 NUMA Support: Disabled
 Compressed Oops: Enabled (32-bit)
 Heap Region Size: 1M
 Heap Min Capacity: 8M
 Heap Initial Capacity: 56M
 Heap Max Capacity: 882M
 Pre-touch: Disabled
 Parallel Workers: 4
 Concurrent Workers: 1
 Concurrent Refinement Workers: 4
 Periodic GC: Disabled
Heap:
 garbage-first heap   total 141312K, used 61201K [0x00000000c8e00000, 0x0000000100000000)
  region size 1024K, 2 young (2048K), 2 survivors (2048K)
 Metaspace       used 116639K, committed 117504K, reserved 1179648K
  class space    used 15822K, committed 16192K, reserved 1048576K
GC Heap History (20 events):
Event: 47607.503 GC heap after
{Heap after GC invocations=124 (full 0):
 garbage-first heap   total 141312K, used 50524K [0x00000000c8e00000, 0x0000000100000000)
  region size 1024K, 1 young (1024K), 1 survivors (1024K)
 Metaspace       used 114133K, committed 115776K, reserved 1179648K
  class space    used 15546K, committed 16192K, reserved 1048576K
}
Event: 48127.478 GC heap before
{Heap before GC invocations=124 (full 0):
 garbage-first heap   total 141312K, used 109916K [0x00000000c8e00000, 0x0000000100000000)
  region size 1024K, 60 young (61440K), 1 survivors (1024K)
 Metaspace       used 114394K, committed 115840K, reserved 1179648K
  class space    used 15607K, committed 16192K, reserved 1048576K
}
Event: 48133.499 GC heap after
{Heap after GC invocations=125 (full 1):
 garbage-first heap   total 141312K, used 42539K [0x00000000c8e00000, 0x0000000100000000)
  region size 1024K, 0 young (0K), 0 survivors (0K)
 Metaspace       used 114386K, committed 115840K, reserved 1179648K
  class space    used 15605K, committed 16192K, reserved 1048576K
}
Event: 48204.231 GC heap before
{Heap before GC invocations=125 (full 1):
 garbage-first heap   total 141312K, used 125483K [0x00000000c8e00000, 0x0000000100000000)
  region size 1024K, 82 young (83968K), 0 survivors (0K)
 Metaspace       used 115058K, committed 116032K, reserved 1179648K
  class space    used 15680K, committed 16192K, reserved 1048576K
}
Event: 48204.400 GC heap after
{Heap after GC invocations=126 (full 1):
 garbage-first heap   total 141312K, used 50507K [0x00000000c8e00000, 0x0000000100000000)
  region size 1024K, 8 young (8192K), 8 survivors (8192K)
 Metaspace       used 115058K, committed 116032K, reserved 1179648K
  class space    used 15680K, committed 16192K, reserved 1048576K
}
Event: 48266.701 GC heap before
{Heap before GC invocations=127 (full 1):
 garbage-first heap   total 141312K, used 115019K [0x00000000c8e00000, 0x0000000100000000)
  region size 1024K, 71 young (72704K), 8 survivors (8192K)
 Metaspace       used 115694K, committed 116672K, reserved 1179648K
  class space    used 15723K, committed 16192K, reserved 1048576K
}
Event: 48267.091 GC heap after
{Heap after GC invocations=128 (full 1):
 garbage-first heap   total 141312K, used 54243K [0x00000000c8e00000, 0x0000000100000000)
  region size 1024K, 4 young (4096K), 4 survivors (4096K)
 Metaspace       used 115694K, committed 116672K, reserved 1179648K
  class space    used 15723K, committed 16192K, reserved 1048576K
}
Event: 48267.188 GC heap before
{Heap before GC invocations=128 (full 1):
 garbage-first heap   total 141312K, used 56291K [0x00000000c8e00000, 0x0000000100000000)
  region size 1024K, 6 young (6144K), 4 survivors (4096K)
 Metaspace       used 115694K, committed 116672K, reserved 1179648K
  class space    used 15723K, committed 16192K, reserved 1048576K
}
Event: 48267.209 GC heap after
{Heap after GC invocations=129 (full 1):
 garbage-first heap   total 141312K, used 54838K [0x00000000c8e00000, 0x0000000100000000)
  region size 1024K, 1 young (1024K), 1 survivors (1024K)
 Metaspace       used 115694K, committed 116672K, reserved 1179648K
  class space    used 15723K, committed 16192K, reserved 1048576K
}
Event: 48330.168 GC heap before
{Heap before GC invocations=129 (full 1):
 garbage-first heap   total 141312K, used 130614K [0x00000000c8e00000, 0x0000000100000000)
  region size 1024K, 75 young (76800K), 1 survivors (1024K)
 Metaspace       used 116469K, committed 117312K, reserved 1179648K
  class space    used 15816K, committed 16192K, reserved 1048576K
}
Event: 48330.424 GC heap after
{Heap after GC invocations=130 (full 1):
 garbage-first heap   total 141312K, used 60411K [0x00000000c8e00000, 0x0000000100000000)
  region size 1024K, 7 young (7168K), 7 survivors (7168K)
 Metaspace       used 116469K, committed 117312K, reserved 1179648K
  class space    used 15816K, committed 16192K, reserved 1048576K
}
Event: 48330.780 GC heap before
{Heap before GC invocations=130 (full 1):
 garbage-first heap   total 141312K, used 61435K [0x00000000c8e00000, 0x0000000100000000)
  region size 1024K, 8 young (8192K), 7 survivors (7168K)
 Metaspace       used 116500K, committed 117376K, reserved 1179648K
  class space    used 15816K, committed 16192K, reserved 1048576K
}
Event: 48330.811 GC heap after
{Heap after GC invocations=131 (full 1):
 garbage-first heap   total 141312K, used 61239K [0x00000000c8e00000, 0x0000000100000000)
  region size 1024K, 1 young (1024K), 1 survivors (1024K)
 Metaspace       used 116500K, committed 117376K, reserved 1179648K
  class space    used 15816K, committed 16192K, reserved 1048576K
}
Event: 48335.729 GC heap before
{Heap before GC invocations=132 (full 1):
 garbage-first heap   total 141312K, used 69431K [0x00000000c8e00000, 0x0000000100000000)
  region size 1024K, 9 young (9216K), 1 survivors (1024K)
 Metaspace       used 116509K, committed 117440K, reserved 1179648K
  class space    used 15817K, committed 16192K, reserved 1048576K
}
Event: 48335.816 GC heap after
{Heap after GC invocations=133 (full 1):
 garbage-first heap   total 141312K, used 61224K [0x00000000c8e00000, 0x0000000100000000)
  region size 1024K, 1 young (1024K), 1 survivors (1024K)
 Metaspace       used 116509K, committed 117440K, reserved 1179648K
  class space    used 15817K, committed 16192K, reserved 1048576K
}
Event: 48336.091 GC heap before
{Heap before GC invocations=133 (full 1):
 garbage-first heap   total 141312K, used 66344K [0x00000000c8e00000, 0x0000000100000000)
  region size 1024K, 6 young (6144K), 1 survivors (1024K)
 Metaspace       used 116514K, committed 117440K, reserved 1179648K
  class space    used 15817K, committed 16192K, reserved 1048576K
}
Event: 48336.101 GC heap after
{Heap after GC invocations=134 (full 1):
 garbage-first heap   total 141312K, used 60636K [0x00000000c8e00000, 0x0000000100000000)
  region size 1024K, 1 young (1024K), 1 survivors (1024K)
 Metaspace       used 116514K, committed 117440K, reserved 1179648K
  class space    used 15817K, committed 16192K, reserved 1048576K
}
Event: 48336.416 GC heap before
{Heap before GC invocations=134 (full 1):
 garbage-first heap   total 141312K, used 65756K [0x00000000c8e00000, 0x0000000100000000)
  region size 1024K, 6 young (6144K), 1 survivors (1024K)
 Metaspace       used 116520K, committed 117440K, reserved 1179648K
  class space    used 15817K, committed 16192K, reserved 1048576K
}
Event: 48336.428 GC heap after
{Heap after GC invocations=135 (full 1):
 garbage-first heap   total 141312K, used 60263K [0x00000000c8e00000, 0x0000000100000000)
  region size 1024K, 1 young (1024K), 1 survivors (1024K)
 Metaspace       used 116520K, committed 117440K, reserved 1179648K
  class space    used 15817K, committed 16192K, reserved 1048576K
}
Event: 48342.373 GC heap before
{Heap before GC invocations=135 (full 1):
 garbage-first heap   total 141312K, used 94055K [0x00000000c8e00000, 0x0000000100000000)
  region size 1024K, 34 young (34816K), 1 survivors (1024K)
 Metaspace       used 116639K, committed 117504K, reserved 1179648K
  class space    used 15822K, committed 16192K, reserved 1048576K
}

