# JRE version: OpenJDK Runtime Environment Corretto-21.0.8.9.1 (21.0.8+9) (build 21.0.8+9-LTS)
# Java VM: OpenJDK 64-Bit Server VM Corretto-21.0.8.9.1 (21.0.8+9-LTS, mixed mode, sharing, tiered, compressed oops, compressed class ptrs, g1 gc, windows-amd64)
GC Precious Log:
 CardTable entry size: 512
 Card Set container configuration: InlinePtr #cards 5 size 8 Array Of Cards #cards 12 size 40 Howl #buckets 4 coarsen threshold 1843 Howl Bitmap #cards 512 size 80 coarsen threshold 460 Card regions per heap region 1 cards per card region 2048
 CPUs: 4 total, 4 available
 Memory: 3526M
 Large Page Support: Disabled
 NUMA Support: Disabled
 Compressed Oops: Enabled (32-bit)
 Heap Region Size: 1M
 Heap Min Capacity: 8M
 Heap Initial Capacity: 56M
 Heap Max Capacity: 882M
 Pre-touch: Disabled
 Parallel Workers: 4
 Concurrent Workers: 1
 Concurrent Refinement Workers: 4
 Periodic GC: Disabled
Heap:
 garbage-first heap   total 94208K, used 54183K [0x00000000c8e00000, 0x0000000100000000)
  region size 1024K, 22 young (22528K), 7 survivors (7168K)
 Metaspace       used 26675K, committed 26944K, reserved 1114112K
  class space    used 3045K, committed 3200K, reserved 1048576K
GC Heap History (20 events):
Event: 6.867 GC heap before
{Heap before GC invocations=1 (full 0):
 garbage-first heap   total 57344K, used 18720K [0x00000000c8e00000, 0x0000000100000000)
  region size 1024K, 17 young (17408K), 2 survivors (2048K)
 Metaspace       used 5983K, committed 6208K, reserved 1114112K
  class space    used 705K, committed 832K, reserved 1048576K
}
Event: 6.878 GC heap after
{Heap after GC invocations=2 (full 0):
 garbage-first heap   total 57344K, used 4232K [0x00000000c8e00000, 0x0000000100000000)
  region size 1024K, 1 young (1024K), 1 survivors (1024K)
 Metaspace       used 5983K, committed 6208K, reserved 1114112K
  class space    used 705K, committed 832K, reserved 1048576K
}
Event: 12.508 GC heap before
{Heap before GC invocations=2 (full 0):
 garbage-first heap   total 57344K, used 35976K [0x00000000c8e00000, 0x0000000100000000)
  region size 1024K, 33 young (33792K), 1 survivors (1024K)
 Metaspace       used 11036K, committed 11200K, reserved 1114112K
  class space    used 1337K, committed 1408K, reserved 1048576K
}
Event: 12.548 GC heap after
{Heap after GC invocations=3 (full 0):
 garbage-first heap   total 57344K, used 6295K [0x00000000c8e00000, 0x0000000100000000)
  region size 1024K, 3 young (3072K), 3 survivors (3072K)
 Metaspace       used 11036K, committed 11200K, reserved 1114112K
  class space    used 1337K, committed 1408K, reserved 1048576K
}
Event: 18.145 GC heap before
{Heap before GC invocations=3 (full 0):
 garbage-first heap   total 57344K, used 37015K [0x00000000c8e00000, 0x0000000100000000)
  region size 1024K, 33 young (33792K), 3 survivors (3072K)
 Metaspace       used 15096K, committed 15360K, reserved 1114112K
  class space    used 1809K, committed 1920K, reserved 1048576K
}
Event: 18.183 GC heap after
{Heap after GC invocations=4 (full 0):
 garbage-first heap   total 57344K, used 10192K [0x00000000c8e00000, 0x0000000100000000)
  region size 1024K, 5 young (5120K), 5 survivors (5120K)
 Metaspace       used 15096K, committed 15360K, reserved 1114112K
  class space    used 1809K, committed 1920K, reserved 1048576K
}
Event: 21.014 GC heap before
{Heap before GC invocations=4 (full 0):
 garbage-first heap   total 57344K, used 38864K [0x00000000c8e00000, 0x0000000100000000)
  region size 1024K, 33 young (33792K), 5 survivors (5120K)
 Metaspace       used 16008K, committed 16192K, reserved 1114112K
  class space    used 1892K, committed 1984K, reserved 1048576K
}
Event: 21.044 GC heap after
{Heap after GC invocations=5 (full 0):
 garbage-first heap   total 57344K, used 14259K [0x00000000c8e00000, 0x0000000100000000)
  region size 1024K, 4 young (4096K), 4 survivors (4096K)
 Metaspace       used 16008K, committed 16192K, reserved 1114112K
  class space    used 1892K, committed 1984K, reserved 1048576K
}
Event: 22.547 GC heap before
{Heap before GC invocations=5 (full 0):
 garbage-first heap   total 57344K, used 43955K [0x00000000c8e00000, 0x0000000100000000)
  region size 1024K, 33 young (33792K), 4 survivors (4096K)
 Metaspace       used 16290K, committed 16512K, reserved 1114112K
  class space    used 1896K, committed 1984K, reserved 1048576K
}
Event: 22.564 GC heap after
{Heap after GC invocations=6 (full 0):
 garbage-first heap   total 57344K, used 15764K [0x00000000c8e00000, 0x0000000100000000)
  region size 1024K, 2 young (2048K), 2 survivors (2048K)
 Metaspace       used 16290K, committed 16512K, reserved 1114112K
  class space    used 1896K, committed 1984K, reserved 1048576K
}
Event: 25.946 GC heap before
{Heap before GC invocations=6 (full 0):
 garbage-first heap   total 57344K, used 46484K [0x00000000c8e00000, 0x0000000100000000)
  region size 1024K, 32 young (32768K), 2 survivors (2048K)
 Metaspace       used 16789K, committed 16960K, reserved 1114112K
  class space    used 1912K, committed 1984K, reserved 1048576K
}
Event: 25.957 GC heap after
{Heap after GC invocations=7 (full 0):
 garbage-first heap   total 57344K, used 16998K [0x00000000c8e00000, 0x0000000100000000)
  region size 1024K, 4 young (4096K), 4 survivors (4096K)
 Metaspace       used 16789K, committed 16960K, reserved 1114112K
  class space    used 1912K, committed 1984K, reserved 1048576K
}
Event: 26.822 GC heap before
{Heap before GC invocations=7 (full 0):
 garbage-first heap   total 57344K, used 37478K [0x00000000c8e00000, 0x0000000100000000)
  region size 1024K, 17 young (17408K), 4 survivors (4096K)
 Metaspace       used 17800K, committed 18048K, reserved 1114112K
  class space    used 2035K, committed 2176K, reserved 1048576K
}
Event: 26.839 GC heap after
{Heap after GC invocations=8 (full 0):
 garbage-first heap   total 57344K, used 26371K [0x00000000c8e00000, 0x0000000100000000)
  region size 1024K, 3 young (3072K), 3 survivors (3072K)
 Metaspace       used 17800K, committed 18048K, reserved 1114112K
  class space    used 2035K, committed 2176K, reserved 1048576K
}
Event: 26.843 GC heap before
{Heap before GC invocations=8 (full 0):
 garbage-first heap   total 57344K, used 38659K [0x00000000c8e00000, 0x0000000100000000)
  region size 1024K, 4 young (4096K), 3 survivors (3072K)
 Metaspace       used 17800K, committed 18048K, reserved 1114112K
  class space    used 2035K, committed 2176K, reserved 1048576K
}
Event: 26.853 GC heap after
{Heap after GC invocations=9 (full 0):
 garbage-first heap   total 57344K, used 39085K [0x00000000c8e00000, 0x0000000100000000)
  region size 1024K, 2 young (2048K), 2 survivors (2048K)
 Metaspace       used 17800K, committed 18048K, reserved 1114112K
  class space    used 2035K, committed 2176K, reserved 1048576K
}
Event: 28.132 GC heap before
{Heap before GC invocations=10 (full 0):
 garbage-first heap   total 87040K, used 61613K [0x00000000c8e00000, 0x0000000100000000)
  region size 1024K, 12 young (12288K), 2 survivors (2048K)
 Metaspace       used 18153K, committed 18496K, reserved 1114112K
  class space    used 2062K, committed 2240K, reserved 1048576K
}
Event: 28.139 GC heap after
{Heap after GC invocations=11 (full 0):
 garbage-first heap   total 87040K, used 19031K [0x00000000c8e00000, 0x0000000100000000)
  region size 1024K, 1 young (1024K), 1 survivors (1024K)
 Metaspace       used 18153K, committed 18496K, reserved 1114112K
  class space    used 2062K, committed 2240K, reserved 1048576K
}
Event: 34.938 GC heap before
{Heap before GC invocations=11 (full 0):
 garbage-first heap   total 87040K, used 76375K [0x00000000c8e00000, 0x0000000100000000)
  region size 1024K, 51 young (52224K), 1 survivors (1024K)
 Metaspace       used 26663K, committed 26944K, reserved 1114112K
  class space    used 3045K, committed 3200K, reserved 1048576K
}
Event: 34.979 GC heap after
{Heap after GC invocations=12 (full 0):
 garbage-first heap   total 94208K, used 39847K [0x00000000c8e00000, 0x0000000100000000)
  region size 1024K, 7 young (7168K), 7 survivors (7168K)
 Metaspace       used 26663K, committed 26944K, reserved 1114112K
  class space    used 3045K, committed 3200K, reserved 1048576K
}

